[2026-02-20 00:00:01] Found pending data for 2 source(s): ['0_sync_test.sql', '7_sync_icu_ward_death.sql']
[2026-02-20 00:00:01]   RUN: 00_sync_test.py (source: 0_sync_test.sql)
--- Output of 00_sync_test.py ---
transform_sync_test: inserted 4 rows from sources ['0_sync_test.sql']
--- End of 00_sync_test.py (exit=0) ---
[2026-02-20 00:00:01]   OK: 00_sync_test.py completed successfully
[2026-02-20 00:00:01]   SKIP: No script mapping for source '7_sync_icu_ward_death.sql'
[2026-02-20 00:00:01] Summary: 1 executed, 1 skipped, 2 total sources
[2026-02-20 00:00:01] Log saved to transform_log table.
[2026-02-20 00:20:01] Found pending data for 2 source(s): ['0_sync_test.sql', '7_sync_icu_ward_death.sql']
[2026-02-20 00:20:01]   RUN: 00_sync_test.py (source: 0_sync_test.sql)
--- Output of 00_sync_test.py ---
transform_sync_test: inserted 4 rows from sources ['0_sync_test.sql']
--- End of 00_sync_test.py (exit=0) ---
[2026-02-20 00:20:01]   OK: 00_sync_test.py completed successfully
[2026-02-20 00:20:01]   SKIP: No script mapping for source '7_sync_icu_ward_death.sql'
[2026-02-20 00:20:01] Summary: 1 executed, 1 skipped, 2 total sources
[2026-02-20 00:20:01] Log saved to transform_log table.
[2026-02-20 00:40:01] Found pending data for 2 source(s): ['0_sync_test.sql', '7_sync_icu_ward_death.sql']
[2026-02-20 00:40:01]   RUN: 00_sync_test.py (source: 0_sync_test.sql)
--- Output of 00_sync_test.py ---
transform_sync_test: inserted 8 rows from sources ['0_sync_test.sql']
--- End of 00_sync_test.py (exit=0) ---
[2026-02-20 00:40:01]   OK: 00_sync_test.py completed successfully
[2026-02-20 00:40:01]   SKIP: No script mapping for source '7_sync_icu_ward_death.sql'
[2026-02-20 00:40:01] Summary: 1 executed, 1 skipped, 2 total sources
[2026-02-20 00:40:01] Log saved to transform_log table.
[2026-02-20 01:00:02] Found pending data for 2 source(s): ['0_sync_test.sql', '7_sync_icu_ward_death.sql']
[2026-02-20 01:00:02]   RUN: 00_sync_test.py (source: 0_sync_test.sql)
--- Output of 00_sync_test.py ---
transform_sync_test: inserted 6 rows from sources ['0_sync_test.sql']
--- End of 00_sync_test.py (exit=0) ---
[2026-02-20 01:00:02]   OK: 00_sync_test.py completed successfully
[2026-02-20 01:00:02]   SKIP: No script mapping for source '7_sync_icu_ward_death.sql'
[2026-02-20 01:00:02] Summary: 1 executed, 1 skipped, 2 total sources
[2026-02-20 01:00:02] Log saved to transform_log table.
[2026-02-20 01:20:01] Found pending data for 2 source(s): ['0_sync_test.sql', '7_sync_icu_ward_death.sql']
[2026-02-20 01:20:01]   RUN: 00_sync_test.py (source: 0_sync_test.sql)
--- Output of 00_sync_test.py ---
transform_sync_test: inserted 2 rows from sources ['0_sync_test.sql']
--- End of 00_sync_test.py (exit=0) ---
[2026-02-20 01:20:01]   OK: 00_sync_test.py completed successfully
[2026-02-20 01:20:01]   SKIP: No script mapping for source '7_sync_icu_ward_death.sql'
[2026-02-20 01:20:01] Summary: 1 executed, 1 skipped, 2 total sources
[2026-02-20 01:20:01] Log saved to transform_log table.
[2026-02-20 01:40:02] Found pending data for 2 source(s): ['0_sync_test.sql', '7_sync_icu_ward_death.sql']
[2026-02-20 01:40:02]   RUN: 00_sync_test.py (source: 0_sync_test.sql)
--- Output of 00_sync_test.py ---
transform_sync_test: inserted 8 rows from sources ['0_sync_test.sql']
--- End of 00_sync_test.py (exit=0) ---
[2026-02-20 01:40:02]   OK: 00_sync_test.py completed successfully
[2026-02-20 01:40:02]   SKIP: No script mapping for source '7_sync_icu_ward_death.sql'
[2026-02-20 01:40:02] Summary: 1 executed, 1 skipped, 2 total sources
[2026-02-20 01:40:02] Log saved to transform_log table.
[2026-02-20 02:00:01] Found pending data for 2 source(s): ['7_sync_icu_ward_death.sql', '0_sync_test.sql']
[2026-02-20 02:00:01]   RUN: 00_sync_test.py (source: 0_sync_test.sql)
--- Output of 00_sync_test.py ---
transform_sync_test: inserted 2 rows from sources ['0_sync_test.sql']
--- End of 00_sync_test.py (exit=0) ---
[2026-02-20 02:00:01]   OK: 00_sync_test.py completed successfully
[2026-02-20 02:00:01]   SKIP: No script mapping for source '7_sync_icu_ward_death.sql'
[2026-02-20 02:00:01] Summary: 1 executed, 1 skipped, 2 total sources
[2026-02-20 02:00:01] Log saved to transform_log table.
[2026-02-20 02:20:02] Found pending data for 2 source(s): ['7_sync_icu_ward_death.sql', '0_sync_test.sql']
[2026-02-20 02:20:02]   RUN: 00_sync_test.py (source: 0_sync_test.sql)
--- Output of 00_sync_test.py ---
transform_sync_test: inserted 6 rows from sources ['0_sync_test.sql']
--- End of 00_sync_test.py (exit=0) ---
[2026-02-20 02:20:02]   OK: 00_sync_test.py completed successfully
[2026-02-20 02:20:02]   SKIP: No script mapping for source '7_sync_icu_ward_death.sql'
[2026-02-20 02:20:02] Summary: 1 executed, 1 skipped, 2 total sources
[2026-02-20 02:20:02] Log saved to transform_log table.
[2026-02-20 02:40:01] Found pending data for 2 source(s): ['0_sync_test.sql', '7_sync_icu_ward_death.sql']
[2026-02-20 02:40:01]   RUN: 00_sync_test.py (source: 0_sync_test.sql)
--- Output of 00_sync_test.py ---
transform_sync_test: inserted 8 rows from sources ['0_sync_test.sql']
--- End of 00_sync_test.py (exit=0) ---
[2026-02-20 02:40:01]   OK: 00_sync_test.py completed successfully
[2026-02-20 02:40:01]   SKIP: No script mapping for source '7_sync_icu_ward_death.sql'
[2026-02-20 02:40:01] Summary: 1 executed, 1 skipped, 2 total sources
[2026-02-20 02:40:01] Log saved to transform_log table.
[2026-02-20 03:00:02] Found pending data for 2 source(s): ['0_sync_test.sql', '7_sync_icu_ward_death.sql']
[2026-02-20 03:00:02]   RUN: 00_sync_test.py (source: 0_sync_test.sql)
--- Output of 00_sync_test.py ---
transform_sync_test: inserted 5 rows from sources ['0_sync_test.sql']
--- End of 00_sync_test.py (exit=0) ---
[2026-02-20 03:00:02]   OK: 00_sync_test.py completed successfully
[2026-02-20 03:00:02]   SKIP: No script mapping for source '7_sync_icu_ward_death.sql'
[2026-02-20 03:00:02] Summary: 1 executed, 1 skipped, 2 total sources
[2026-02-20 03:00:02] Log saved to transform_log table.
[2026-02-20 03:20:01] Found pending data for 2 source(s): ['7_sync_icu_ward_death.sql', '0_sync_test.sql']
[2026-02-20 03:20:01]   RUN: 00_sync_test.py (source: 0_sync_test.sql)
--- Output of 00_sync_test.py ---
transform_sync_test: inserted 2 rows from sources ['0_sync_test.sql']
--- End of 00_sync_test.py (exit=0) ---
[2026-02-20 03:20:01]   OK: 00_sync_test.py completed successfully
[2026-02-20 03:20:01]   SKIP: No script mapping for source '7_sync_icu_ward_death.sql'
[2026-02-20 03:20:01] Summary: 1 executed, 1 skipped, 2 total sources
[2026-02-20 03:20:01] Log saved to transform_log table.
[2026-02-20 03:40:02] Found pending data for 2 source(s): ['7_sync_icu_ward_death.sql', '0_sync_test.sql']
[2026-02-20 03:40:02]   RUN: 00_sync_test.py (source: 0_sync_test.sql)
--- Output of 00_sync_test.py ---
transform_sync_test: inserted 8 rows from sources ['0_sync_test.sql']
--- End of 00_sync_test.py (exit=0) ---
[2026-02-20 03:40:02]   OK: 00_sync_test.py completed successfully
[2026-02-20 03:40:02]   SKIP: No script mapping for source '7_sync_icu_ward_death.sql'
[2026-02-20 03:40:02] Summary: 1 executed, 1 skipped, 2 total sources
[2026-02-20 03:40:02] Log saved to transform_log table.
[2026-02-20 04:00:01] Found pending data for 2 source(s): ['7_sync_icu_ward_death.sql', '0_sync_test.sql']
[2026-02-20 04:00:01]   RUN: 00_sync_test.py (source: 0_sync_test.sql)
--- Output of 00_sync_test.py ---
transform_sync_test: inserted 5 rows from sources ['0_sync_test.sql']
--- End of 00_sync_test.py (exit=0) ---
[2026-02-20 04:00:01]   OK: 00_sync_test.py completed successfully
[2026-02-20 04:00:01]   SKIP: No script mapping for source '7_sync_icu_ward_death.sql'
[2026-02-20 04:00:01] Summary: 1 executed, 1 skipped, 2 total sources
[2026-02-20 04:00:01] Log saved to transform_log table.
[2026-02-20 04:20:01] Found pending data for 2 source(s): ['0_sync_test.sql', '7_sync_icu_ward_death.sql']
[2026-02-20 04:20:01]   RUN: 00_sync_test.py (source: 0_sync_test.sql)
--- Output of 00_sync_test.py ---
transform_sync_test: inserted 2 rows from sources ['0_sync_test.sql']
--- End of 00_sync_test.py (exit=0) ---
[2026-02-20 04:20:02]   OK: 00_sync_test.py completed successfully
[2026-02-20 04:20:02]   SKIP: No script mapping for source '7_sync_icu_ward_death.sql'
[2026-02-20 04:20:02] Summary: 1 executed, 1 skipped, 2 total sources
[2026-02-20 04:20:02] Log saved to transform_log table.
[2026-02-20 04:40:01] Found pending data for 2 source(s): ['0_sync_test.sql', '7_sync_icu_ward_death.sql']
[2026-02-20 04:40:01]   RUN: 00_sync_test.py (source: 0_sync_test.sql)
--- Output of 00_sync_test.py ---
transform_sync_test: inserted 8 rows from sources ['0_sync_test.sql']
--- End of 00_sync_test.py (exit=0) ---
[2026-02-20 04:40:01]   OK: 00_sync_test.py completed successfully
[2026-02-20 04:40:01]   SKIP: No script mapping for source '7_sync_icu_ward_death.sql'
[2026-02-20 04:40:01] Summary: 1 executed, 1 skipped, 2 total sources
[2026-02-20 04:40:01] Log saved to transform_log table.
[2026-02-20 05:00:01] Found pending data for 2 source(s): ['0_sync_test.sql', '7_sync_icu_ward_death.sql']
[2026-02-20 05:00:01]   RUN: 00_sync_test.py (source: 0_sync_test.sql)
--- Output of 00_sync_test.py ---
transform_sync_test: inserted 5 rows from sources ['0_sync_test.sql']
--- End of 00_sync_test.py (exit=0) ---
[2026-02-20 05:00:02]   OK: 00_sync_test.py completed successfully
[2026-02-20 05:00:02]   SKIP: No script mapping for source '7_sync_icu_ward_death.sql'
[2026-02-20 05:00:02] Summary: 1 executed, 1 skipped, 2 total sources
[2026-02-20 05:00:02] Log saved to transform_log table.
[2026-02-20 05:20:01] Found pending data for 2 source(s): ['0_sync_test.sql', '7_sync_icu_ward_death.sql']
[2026-02-20 05:20:01]   RUN: 00_sync_test.py (source: 0_sync_test.sql)
--- Output of 00_sync_test.py ---
transform_sync_test: inserted 3 rows from sources ['0_sync_test.sql']
--- End of 00_sync_test.py (exit=0) ---
[2026-02-20 05:20:01]   OK: 00_sync_test.py completed successfully
[2026-02-20 05:20:01]   SKIP: No script mapping for source '7_sync_icu_ward_death.sql'
[2026-02-20 05:20:01] Summary: 1 executed, 1 skipped, 2 total sources
[2026-02-20 05:20:01] Log saved to transform_log table.
[2026-02-20 05:40:01] Found pending data for 2 source(s): ['0_sync_test.sql', '7_sync_icu_ward_death.sql']
[2026-02-20 05:40:01]   RUN: 00_sync_test.py (source: 0_sync_test.sql)
--- Output of 00_sync_test.py ---
transform_sync_test: inserted 8 rows from sources ['0_sync_test.sql']
--- End of 00_sync_test.py (exit=0) ---
[2026-02-20 05:40:02]   OK: 00_sync_test.py completed successfully
[2026-02-20 05:40:02]   SKIP: No script mapping for source '7_sync_icu_ward_death.sql'
[2026-02-20 05:40:02] Summary: 1 executed, 1 skipped, 2 total sources
[2026-02-20 05:40:02] Log saved to transform_log table.
[2026-02-20 06:00:01] Found pending data for 3 source(s): ['0_sync_test.sql', '1_sync_bed_an_occupancy.sql', '7_sync_icu_ward_death.sql']
[2026-02-20 06:00:01]   RUN: 00_sync_test.py (source: 0_sync_test.sql)
--- Output of 00_sync_test.py ---
transform_sync_test: inserted 1 rows from sources ['0_sync_test.sql']
--- End of 00_sync_test.py (exit=0) ---
[2026-02-20 06:00:01]   OK: 00_sync_test.py completed successfully
[2026-02-20 06:00:01]   RUN: 01_sync_bed_an_occupancy.py (source: 1_sync_bed_an_occupancy.sql)
--- Output of 01_sync_bed_an_occupancy.py ---
transform_sync_bed_an_occupancy: inserted 4 rows from sources ['1_sync_bed_an_occupancy.sql']
--- End of 01_sync_bed_an_occupancy.py (exit=0) ---
[2026-02-20 06:00:01]   OK: 01_sync_bed_an_occupancy.py completed successfully
[2026-02-20 06:00:01]   SKIP: No script mapping for source '7_sync_icu_ward_death.sql'
[2026-02-20 06:00:01] Summary: 2 executed, 1 skipped, 3 total sources
[2026-02-20 06:00:01] Log saved to transform_log table.
[2026-02-20 06:20:01] Found pending data for 3 source(s): ['0_sync_test.sql', '7_sync_icu_ward_death.sql', '1_sync_bed_an_occupancy.sql']
[2026-02-20 06:20:01]   RUN: 00_sync_test.py (source: 0_sync_test.sql)
--- Output of 00_sync_test.py ---
transform_sync_test: inserted 6 rows from sources ['0_sync_test.sql']
--- End of 00_sync_test.py (exit=0) ---
[2026-02-20 06:20:02]   OK: 00_sync_test.py completed successfully
[2026-02-20 06:20:02]   RUN: 01_sync_bed_an_occupancy.py (source: 1_sync_bed_an_occupancy.sql)
--- Output of 01_sync_bed_an_occupancy.py ---
transform_sync_bed_an_occupancy: inserted 24973 rows from sources ['1_sync_bed_an_occupancy.sql']
--- End of 01_sync_bed_an_occupancy.py (exit=0) ---
[2026-02-20 06:20:06]   OK: 01_sync_bed_an_occupancy.py completed successfully
[2026-02-20 06:20:06]   SKIP: No script mapping for source '7_sync_icu_ward_death.sql'
[2026-02-20 06:20:06] Summary: 2 executed, 1 skipped, 3 total sources
[2026-02-20 06:20:06] Log saved to transform_log table.
[2026-02-20 06:40:01] Found pending data for 4 source(s): ['0_sync_test.sql', '7_sync_icu_ward_death.sql', '2_sync_bed_type_all.sql', '1_sync_bed_an_occupancy.sql']
[2026-02-20 06:40:01]   RUN: 00_sync_test.py (source: 0_sync_test.sql)
--- Output of 00_sync_test.py ---
transform_sync_test: inserted 8 rows from sources ['0_sync_test.sql']
--- End of 00_sync_test.py (exit=0) ---
[2026-02-20 06:40:01]   OK: 00_sync_test.py completed successfully
[2026-02-20 06:40:01]   RUN: 01_sync_bed_an_occupancy.py (source: 1_sync_bed_an_occupancy.sql)
--- Output of 01_sync_bed_an_occupancy.py ---
transform_sync_bed_an_occupancy: inserted 14652 rows from sources ['1_sync_bed_an_occupancy.sql']
--- End of 01_sync_bed_an_occupancy.py (exit=0) ---
[2026-02-20 06:40:04]   OK: 01_sync_bed_an_occupancy.py completed successfully
[2026-02-20 06:40:04]   RUN: 02_sync_bed_type_all.py (source: 2_sync_bed_type_all.sql)
--- Output of 02_sync_bed_type_all.py ---
Traceback (most recent call last):
  File "/home/adminplk/transform/02_sync_bed_type_all.py", line 221, in <module>
    main()
  File "/home/adminplk/transform/02_sync_bed_type_all.py", line 198, in main
    execute_values(write_cur, insert_sql, all_values, page_size=1000)
  File "/usr/lib/python3/dist-packages/psycopg2/extras.py", line 1299, in execute_values
    cur.execute(b''.join(parts))
psycopg2.errors.NotNullViolation: null value in column "bedtype" of relation "transform_sync_bed_type_all" violates not-null constraint
DETAIL:  Failing row contains (11455, 001605, ER10, null, 006, 2026-02-20 06:30:01+07).

--- End of 02_sync_bed_type_all.py (exit=1) ---
[2026-02-20 06:40:05]   ERROR: 02_sync_bed_type_all.py exited with code 1
[2026-02-20 06:40:05]   SKIP: No script mapping for source '7_sync_icu_ward_death.sql'
[2026-02-20 06:40:05] Summary: 2 executed, 1 skipped, 4 total sources
[2026-02-20 06:40:05] Log saved to transform_log table.
[2026-02-20 07:00:01] Found pending data for 5 source(s): ['0_sync_test.sql', '7_sync_icu_ward_death.sql', '2_sync_bed_type_all.sql', '3_sync_critical_wait_bed.sql', '1_sync_bed_an_occupancy.sql']
[2026-02-20 07:00:01]   RUN: 00_sync_test.py (source: 0_sync_test.sql)
--- Output of 00_sync_test.py ---
transform_sync_test: inserted 4 rows from sources ['0_sync_test.sql']
--- End of 00_sync_test.py (exit=0) ---
[2026-02-20 07:00:01]   OK: 00_sync_test.py completed successfully
[2026-02-20 07:00:01]   RUN: 01_sync_bed_an_occupancy.py (source: 1_sync_bed_an_occupancy.sql)
--- Output of 01_sync_bed_an_occupancy.py ---
transform_sync_bed_an_occupancy: inserted 8494 rows from sources ['1_sync_bed_an_occupancy.sql']
--- End of 01_sync_bed_an_occupancy.py (exit=0) ---
[2026-02-20 07:00:03]   OK: 01_sync_bed_an_occupancy.py completed successfully
[2026-02-20 07:00:03]   RUN: 02_sync_bed_type_all.py (source: 2_sync_bed_type_all.sql)
--- Output of 02_sync_bed_type_all.py ---
Traceback (most recent call last):
  File "/home/adminplk/transform/02_sync_bed_type_all.py", line 221, in <module>
    main()
  File "/home/adminplk/transform/02_sync_bed_type_all.py", line 198, in main
    execute_values(write_cur, insert_sql, all_values, page_size=1000)
  File "/usr/lib/python3/dist-packages/psycopg2/extras.py", line 1299, in execute_values
    cur.execute(b''.join(parts))
psycopg2.errors.NotNullViolation: null value in column "bedtype" of relation "transform_sync_bed_type_all" violates not-null constraint
DETAIL:  Failing row contains (11455, 001605, ER10, null, 006, 2026-02-20 06:30:01+07).

--- End of 02_sync_bed_type_all.py (exit=1) ---
[2026-02-20 07:00:04]   ERROR: 02_sync_bed_type_all.py exited with code 1
[2026-02-20 07:00:04]   RUN: 03_sync_critical_wait_bed.py (source: 3_sync_critical_wait_bed.sql)
--- Output of 03_sync_critical_wait_bed.py ---
transform_sync_critical_wait_bed: inserted 27 rows from sources ['3_sync_critical_wait_bed.sql']
--- End of 03_sync_critical_wait_bed.py (exit=0) ---
[2026-02-20 07:00:04]   OK: 03_sync_critical_wait_bed.py completed successfully
[2026-02-20 07:00:04]   SKIP: No script mapping for source '7_sync_icu_ward_death.sql'
[2026-02-20 07:00:04] Summary: 3 executed, 1 skipped, 5 total sources
[2026-02-20 07:00:04] Log saved to transform_log table.
[2026-02-20 07:20:01] Found pending data for 5 source(s): ['0_sync_test.sql', '7_sync_icu_ward_death.sql', '2_sync_bed_type_all.sql', '3_sync_critical_wait_bed.sql', '1_sync_bed_an_occupancy.sql']
[2026-02-20 07:20:01]   RUN: 00_sync_test.py (source: 0_sync_test.sql)
--- Output of 00_sync_test.py ---
transform_sync_test: inserted 4 rows from sources ['0_sync_test.sql']
--- End of 00_sync_test.py (exit=0) ---
[2026-02-20 07:20:01]   OK: 00_sync_test.py completed successfully
[2026-02-20 07:20:01]   RUN: 01_sync_bed_an_occupancy.py (source: 1_sync_bed_an_occupancy.sql)
--- Output of 01_sync_bed_an_occupancy.py ---
transform_sync_bed_an_occupancy: inserted 2188 rows from sources ['1_sync_bed_an_occupancy.sql']
--- End of 01_sync_bed_an_occupancy.py (exit=0) ---
[2026-02-20 07:20:02]   OK: 01_sync_bed_an_occupancy.py completed successfully
[2026-02-20 07:20:02]   RUN: 02_sync_bed_type_all.py (source: 2_sync_bed_type_all.sql)
--- Output of 02_sync_bed_type_all.py ---
Traceback (most recent call last):
  File "/home/adminplk/transform/02_sync_bed_type_all.py", line 221, in <module>
    main()
  File "/home/adminplk/transform/02_sync_bed_type_all.py", line 198, in main
    execute_values(write_cur, insert_sql, all_values, page_size=1000)
  File "/usr/lib/python3/dist-packages/psycopg2/extras.py", line 1299, in execute_values
    cur.execute(b''.join(parts))
psycopg2.errors.NotNullViolation: null value in column "bedtype" of relation "transform_sync_bed_type_all" violates not-null constraint
DETAIL:  Failing row contains (11455, 001605, ER10, null, 006, 2026-02-20 06:30:01+07).

--- End of 02_sync_bed_type_all.py (exit=1) ---
[2026-02-20 07:20:03]   ERROR: 02_sync_bed_type_all.py exited with code 1
[2026-02-20 07:20:03]   RUN: 03_sync_critical_wait_bed.py (source: 3_sync_critical_wait_bed.sql)
--- Output of 03_sync_critical_wait_bed.py ---
transform_sync_critical_wait_bed: inserted 12 rows from sources ['3_sync_critical_wait_bed.sql']
--- End of 03_sync_critical_wait_bed.py (exit=0) ---
[2026-02-20 07:20:03]   OK: 03_sync_critical_wait_bed.py completed successfully
[2026-02-20 07:20:03]   SKIP: No script mapping for source '7_sync_icu_ward_death.sql'
[2026-02-20 07:20:03] Summary: 3 executed, 1 skipped, 5 total sources
[2026-02-20 07:20:03] Log saved to transform_log table.
[2026-02-20 07:40:01] Found pending data for 4 source(s): ['4_sync_drgs_rw_top10.sql', '7_sync_icu_ward_death.sql', '2_sync_bed_type_all.sql', '0_sync_test.sql']
[2026-02-20 07:40:01]   RUN: 00_sync_test.py (source: 0_sync_test.sql)
--- Output of 00_sync_test.py ---
transform_sync_test: inserted 8 rows from sources ['0_sync_test.sql']
--- End of 00_sync_test.py (exit=0) ---
[2026-02-20 07:40:02]   OK: 00_sync_test.py completed successfully
[2026-02-20 07:40:02]   RUN: 02_sync_bed_type_all.py (source: 2_sync_bed_type_all.sql)
--- Output of 02_sync_bed_type_all.py ---
Traceback (most recent call last):
  File "/home/adminplk/transform/02_sync_bed_type_all.py", line 221, in <module>
    main()
  File "/home/adminplk/transform/02_sync_bed_type_all.py", line 198, in main
    execute_values(write_cur, insert_sql, all_values, page_size=1000)
  File "/usr/lib/python3/dist-packages/psycopg2/extras.py", line 1299, in execute_values
    cur.execute(b''.join(parts))
psycopg2.errors.NotNullViolation: null value in column "bedtype" of relation "transform_sync_bed_type_all" violates not-null constraint
DETAIL:  Failing row contains (11455, 001605, ER10, null, 006, 2026-02-20 06:30:01+07).

--- End of 02_sync_bed_type_all.py (exit=1) ---
[2026-02-20 07:40:02]   ERROR: 02_sync_bed_type_all.py exited with code 1
[2026-02-20 07:40:02]   RUN: 04_sync_drgs_rw_top10.py (source: 4_sync_drgs_rw_top10.sql)
--- Output of 04_sync_drgs_rw_top10.py ---
transform_sync_drgs_rw_top10: inserted 80 rows from sources ['4_sync_drgs_rw_top10.sql']
--- End of 04_sync_drgs_rw_top10.py (exit=0) ---
[2026-02-20 07:40:03]   OK: 04_sync_drgs_rw_top10.py completed successfully
[2026-02-20 07:40:03]   SKIP: No script mapping for source '7_sync_icu_ward_death.sql'
[2026-02-20 07:40:03] Summary: 2 executed, 1 skipped, 4 total sources
[2026-02-20 07:40:03] Log saved to transform_log table.
[2026-02-20 08:00:01] Found pending data for 4 source(s): ['0_sync_test.sql', '7_sync_icu_ward_death.sql', '2_sync_bed_type_all.sql', '5_sync_drgs_sum.sql']
[2026-02-20 08:00:01]   RUN: 00_sync_test.py (source: 0_sync_test.sql)
--- Output of 00_sync_test.py ---
transform_sync_test: inserted 2 rows from sources ['0_sync_test.sql']
--- End of 00_sync_test.py (exit=0) ---
[2026-02-20 08:00:01]   OK: 00_sync_test.py completed successfully
[2026-02-20 08:00:01]   RUN: 02_sync_bed_type_all.py (source: 2_sync_bed_type_all.sql)
--- Output of 02_sync_bed_type_all.py ---
Traceback (most recent call last):
  File "/home/adminplk/transform/02_sync_bed_type_all.py", line 221, in <module>
    main()
  File "/home/adminplk/transform/02_sync_bed_type_all.py", line 198, in main
    execute_values(write_cur, insert_sql, all_values, page_size=1000)
  File "/usr/lib/python3/dist-packages/psycopg2/extras.py", line 1299, in execute_values
    cur.execute(b''.join(parts))
psycopg2.errors.NotNullViolation: null value in column "bedtype" of relation "transform_sync_bed_type_all" violates not-null constraint
DETAIL:  Failing row contains (11455, 001605, ER10, null, 006, 2026-02-20 06:30:01+07).

--- End of 02_sync_bed_type_all.py (exit=1) ---
[2026-02-20 08:00:02]   ERROR: 02_sync_bed_type_all.py exited with code 1
[2026-02-20 08:00:02]   RUN: 05_sync_drgs_sum.py (source: 5_sync_drgs_sum.sql)
--- Output of 05_sync_drgs_sum.py ---
transform_sync_drgs_sum: inserted 15 rows from sources ['5_sync_drgs_sum.sql']
--- End of 05_sync_drgs_sum.py (exit=0) ---
[2026-02-20 08:00:02]   OK: 05_sync_drgs_sum.py completed successfully
[2026-02-20 08:00:02]   SKIP: No script mapping for source '7_sync_icu_ward_death.sql'
[2026-02-20 08:00:02] Summary: 2 executed, 1 skipped, 4 total sources
[2026-02-20 08:00:02] Log saved to transform_log table.
[2026-02-20 08:20:01] Found pending data for 4 source(s): ['0_sync_test.sql', '7_sync_icu_ward_death.sql', '2_sync_bed_type_all.sql', '5_sync_drgs_sum.sql']
[2026-02-20 08:20:01]   RUN: 00_sync_test.py (source: 0_sync_test.sql)
--- Output of 00_sync_test.py ---
transform_sync_test: inserted 6 rows from sources ['0_sync_test.sql']
--- End of 00_sync_test.py (exit=0) ---
[2026-02-20 08:20:01]   OK: 00_sync_test.py completed successfully
[2026-02-20 08:20:01]   RUN: 02_sync_bed_type_all.py (source: 2_sync_bed_type_all.sql)
--- Output of 02_sync_bed_type_all.py ---
Traceback (most recent call last):
  File "/home/adminplk/transform/02_sync_bed_type_all.py", line 221, in <module>
    main()
  File "/home/adminplk/transform/02_sync_bed_type_all.py", line 198, in main
    execute_values(write_cur, insert_sql, all_values, page_size=1000)
  File "/usr/lib/python3/dist-packages/psycopg2/extras.py", line 1299, in execute_values
    cur.execute(b''.join(parts))
psycopg2.errors.NotNullViolation: null value in column "bedtype" of relation "transform_sync_bed_type_all" violates not-null constraint
DETAIL:  Failing row contains (11455, 001605, ER10, null, 006, 2026-02-20 06:30:01+07).

--- End of 02_sync_bed_type_all.py (exit=1) ---
[2026-02-20 08:20:02]   ERROR: 02_sync_bed_type_all.py exited with code 1
[2026-02-20 08:20:02]   RUN: 05_sync_drgs_sum.py (source: 5_sync_drgs_sum.sql)
--- Output of 05_sync_drgs_sum.py ---
transform_sync_drgs_sum: inserted 120 rows from sources ['5_sync_drgs_sum.sql']
--- End of 05_sync_drgs_sum.py (exit=0) ---
[2026-02-20 08:20:02]   OK: 05_sync_drgs_sum.py completed successfully
[2026-02-20 08:20:02]   SKIP: No script mapping for source '7_sync_icu_ward_death.sql'
[2026-02-20 08:20:02] Summary: 2 executed, 1 skipped, 4 total sources
[2026-02-20 08:20:02] Log saved to transform_log table.
[2026-02-20 08:40:01] Found pending data for 4 source(s): ['0_sync_test.sql', '7_sync_icu_ward_death.sql', '2_sync_bed_type_all.sql', '6_sync_icu_semi_icu_case_realtime.sql']
[2026-02-20 08:40:01]   RUN: 00_sync_test.py (source: 0_sync_test.sql)
--- Output of 00_sync_test.py ---
transform_sync_test: inserted 8 rows from sources ['0_sync_test.sql']
--- End of 00_sync_test.py (exit=0) ---
[2026-02-20 08:40:02]   OK: 00_sync_test.py completed successfully
[2026-02-20 08:40:02]   RUN: 02_sync_bed_type_all.py (source: 2_sync_bed_type_all.sql)
--- Output of 02_sync_bed_type_all.py ---
Traceback (most recent call last):
  File "/home/adminplk/transform/02_sync_bed_type_all.py", line 221, in <module>
    main()
  File "/home/adminplk/transform/02_sync_bed_type_all.py", line 198, in main
    execute_values(write_cur, insert_sql, all_values, page_size=1000)
  File "/usr/lib/python3/dist-packages/psycopg2/extras.py", line 1299, in execute_values
    cur.execute(b''.join(parts))
psycopg2.errors.NotNullViolation: null value in column "bedtype" of relation "transform_sync_bed_type_all" violates not-null constraint
DETAIL:  Failing row contains (11455, 001605, ER10, null, 006, 2026-02-20 06:30:01+07).

--- End of 02_sync_bed_type_all.py (exit=1) ---
[2026-02-20 08:40:02]   ERROR: 02_sync_bed_type_all.py exited with code 1
[2026-02-20 08:40:02]   RUN: 06_sync_icu_semi_icu_case_realtime.py (source: 6_sync_icu_semi_icu_case_realtime.sql)
--- Output of 06_sync_icu_semi_icu_case_realtime.py ---
transform_sync_icu_semi_icu_case_realtime: inserted 8 rows from sources ['6_sync_icu_semi_icu_case_realtime.sql']
--- End of 06_sync_icu_semi_icu_case_realtime.py (exit=0) ---
[2026-02-20 08:40:03]   OK: 06_sync_icu_semi_icu_case_realtime.py completed successfully
[2026-02-20 08:40:03]   SKIP: No script mapping for source '7_sync_icu_ward_death.sql'
[2026-02-20 08:40:03] Summary: 2 executed, 1 skipped, 4 total sources
[2026-02-20 08:40:03] Log saved to transform_log table.
[2026-02-20 09:00:01] Found pending data for 3 source(s): ['0_sync_test.sql', '7_sync_icu_ward_death.sql', '2_sync_bed_type_all.sql']
[2026-02-20 09:00:01]   RUN: 00_sync_test.py (source: 0_sync_test.sql)
--- Output of 00_sync_test.py ---
transform_sync_test: inserted 3 rows from sources ['0_sync_test.sql']
--- End of 00_sync_test.py (exit=0) ---
[2026-02-20 09:00:01]   OK: 00_sync_test.py completed successfully
[2026-02-20 09:00:01]   RUN: 02_sync_bed_type_all.py (source: 2_sync_bed_type_all.sql)
--- Output of 02_sync_bed_type_all.py ---
Traceback (most recent call last):
  File "/home/adminplk/transform/02_sync_bed_type_all.py", line 221, in <module>
    main()
  File "/home/adminplk/transform/02_sync_bed_type_all.py", line 198, in main
    execute_values(write_cur, insert_sql, all_values, page_size=1000)
  File "/usr/lib/python3/dist-packages/psycopg2/extras.py", line 1299, in execute_values
    cur.execute(b''.join(parts))
psycopg2.errors.NotNullViolation: null value in column "bedtype" of relation "transform_sync_bed_type_all" violates not-null constraint
DETAIL:  Failing row contains (11455, 001605, ER10, null, 006, 2026-02-20 06:30:01+07).

--- End of 02_sync_bed_type_all.py (exit=1) ---
[2026-02-20 09:00:02]   ERROR: 02_sync_bed_type_all.py exited with code 1
[2026-02-20 09:00:02]   SKIP: No script mapping for source '7_sync_icu_ward_death.sql'
[2026-02-20 09:00:02] Summary: 1 executed, 1 skipped, 3 total sources
[2026-02-20 09:00:02] Log saved to transform_log table.
[2026-02-20 09:20:01] Found pending data for 3 source(s): ['0_sync_test.sql', '7_sync_icu_ward_death.sql', '2_sync_bed_type_all.sql']
[2026-02-20 09:20:01]   RUN: 00_sync_test.py (source: 0_sync_test.sql)
--- Output of 00_sync_test.py ---
transform_sync_test: inserted 5 rows from sources ['0_sync_test.sql']
--- End of 00_sync_test.py (exit=0) ---
[2026-02-20 09:20:01]   OK: 00_sync_test.py completed successfully
[2026-02-20 09:20:01]   RUN: 02_sync_bed_type_all.py (source: 2_sync_bed_type_all.sql)
--- Output of 02_sync_bed_type_all.py ---
Traceback (most recent call last):
  File "/home/adminplk/transform/02_sync_bed_type_all.py", line 221, in <module>
    main()
  File "/home/adminplk/transform/02_sync_bed_type_all.py", line 198, in main
    execute_values(write_cur, insert_sql, all_values, page_size=1000)
  File "/usr/lib/python3/dist-packages/psycopg2/extras.py", line 1299, in execute_values
    cur.execute(b''.join(parts))
psycopg2.errors.NotNullViolation: null value in column "bedtype" of relation "transform_sync_bed_type_all" violates not-null constraint
DETAIL:  Failing row contains (11455, 001605, ER10, null, 006, 2026-02-20 06:30:01+07).

--- End of 02_sync_bed_type_all.py (exit=1) ---
[2026-02-20 09:20:02]   ERROR: 02_sync_bed_type_all.py exited with code 1
[2026-02-20 09:20:02]   SKIP: No script mapping for source '7_sync_icu_ward_death.sql'
[2026-02-20 09:20:02] Summary: 1 executed, 1 skipped, 3 total sources
[2026-02-20 09:20:02] Log saved to transform_log table.
[2026-02-20 09:40:02] Found pending data for 4 source(s): ['0_sync_test.sql', '7_sync_icu_ward_death.sql', '2_sync_bed_type_all.sql', '8_sync_mortality_ami.sql']
[2026-02-20 09:40:02]   RUN: 00_sync_test.py (source: 0_sync_test.sql)
--- Output of 00_sync_test.py ---
transform_sync_test: inserted 8 rows from sources ['0_sync_test.sql']
--- End of 00_sync_test.py (exit=0) ---
[2026-02-20 09:40:02]   OK: 00_sync_test.py completed successfully
[2026-02-20 09:40:02]   RUN: 02_sync_bed_type_all.py (source: 2_sync_bed_type_all.sql)
--- Output of 02_sync_bed_type_all.py ---
Traceback (most recent call last):
  File "/home/adminplk/transform/02_sync_bed_type_all.py", line 221, in <module>
    main()
  File "/home/adminplk/transform/02_sync_bed_type_all.py", line 198, in main
    execute_values(write_cur, insert_sql, all_values, page_size=1000)
  File "/usr/lib/python3/dist-packages/psycopg2/extras.py", line 1299, in execute_values
    cur.execute(b''.join(parts))
psycopg2.errors.NotNullViolation: null value in column "bedtype" of relation "transform_sync_bed_type_all" violates not-null constraint
DETAIL:  Failing row contains (11455, 001605, ER10, null, 006, 2026-02-20 06:30:01+07).

--- End of 02_sync_bed_type_all.py (exit=1) ---
[2026-02-20 09:40:03]   ERROR: 02_sync_bed_type_all.py exited with code 1
[2026-02-20 09:40:03]   SKIP: No script mapping for source '7_sync_icu_ward_death.sql'
[2026-02-20 09:40:03]   RUN: 08_sync_mortality_ami.py (source: 8_sync_mortality_ami.sql)
--- Output of 08_sync_mortality_ami.py ---
transform_sync_mortality_ami: inserted 150 rows from sources ['8_sync_mortality_ami.sql']
--- End of 08_sync_mortality_ami.py (exit=0) ---
[2026-02-20 09:40:03]   OK: 08_sync_mortality_ami.py completed successfully
[2026-02-20 09:40:03] Summary: 2 executed, 1 skipped, 4 total sources
[2026-02-20 09:40:03] Log saved to transform_log table.
[2026-02-20 09:57:32] Found pending data for 2 source(s): ['7_sync_icu_ward_death.sql', '2_sync_bed_type_all.sql']
[2026-02-20 09:57:32]   RUN: 02_sync_bed_type_all.py (source: 2_sync_bed_type_all.sql)
--- Output of 02_sync_bed_type_all.py ---
Traceback (most recent call last):
  File "/home/adminplk/transform/02_sync_bed_type_all.py", line 217, in <module>
    main()
  File "/home/adminplk/transform/02_sync_bed_type_all.py", line 198, in main
    execute_values(write_cur, insert_sql, all_values, page_size=1000)
  File "/usr/lib/python3/dist-packages/psycopg2/extras.py", line 1299, in execute_values
    cur.execute(b''.join(parts))
psycopg2.errors.NotNullViolation: null value in column "bedtype" of relation "transform_sync_bed_type_all" violates not-null constraint
DETAIL:  Failing row contains (11455, 001605, ER10, null, 006, 2026-02-20 06:30:01+07).

--- End of 02_sync_bed_type_all.py (exit=1) ---
[2026-02-20 09:57:33]   ERROR: 02_sync_bed_type_all.py exited with code 1
[2026-02-20 09:57:33]   SKIP: No script mapping for source '7_sync_icu_ward_death.sql'
[2026-02-20 09:57:33] Summary: 0 executed, 1 skipped, 2 total sources
[2026-02-20 10:00:01] Found pending data for 4 source(s): ['7_sync_icu_ward_death.sql', '2_sync_bed_type_all.sql', '0_sync_test.sql', '9_sync_mortality_sepsis.sql']
[2026-02-20 10:00:01]   RUN: 00_sync_test.py (source: 0_sync_test.sql)
--- Output of 00_sync_test.py ---
transform_sync_test: inserted 4 rows from sources ['0_sync_test.sql']
--- End of 00_sync_test.py (exit=0) ---
[2026-02-20 10:00:01]   OK: 00_sync_test.py completed successfully
[2026-02-20 10:00:01]   RUN: 02_sync_bed_type_all.py (source: 2_sync_bed_type_all.sql)
--- Output of 02_sync_bed_type_all.py ---
Traceback (most recent call last):
  File "/home/adminplk/transform/02_sync_bed_type_all.py", line 217, in <module>
    main()
  File "/home/adminplk/transform/02_sync_bed_type_all.py", line 198, in main
    execute_values(write_cur, insert_sql, all_values, page_size=1000)
  File "/usr/lib/python3/dist-packages/psycopg2/extras.py", line 1299, in execute_values
    cur.execute(b''.join(parts))
psycopg2.errors.NotNullViolation: null value in column "bedtype" of relation "transform_sync_bed_type_all" violates not-null constraint
DETAIL:  Failing row contains (11455, 001605, ER10, null, 006, 2026-02-20 06:30:01+07).

--- End of 02_sync_bed_type_all.py (exit=1) ---
[2026-02-20 10:00:02]   ERROR: 02_sync_bed_type_all.py exited with code 1
[2026-02-20 10:00:02]   SKIP: No script mapping for source '7_sync_icu_ward_death.sql'
[2026-02-20 10:00:02]   RUN: 09_sync_mortality_sepsis.py (source: 9_sync_mortality_sepsis.sql)
--- Output of 09_sync_mortality_sepsis.py ---
transform_sync_mortality_sepsis: inserted 12 rows from sources ['9_sync_mortality_sepsis.sql']
--- End of 09_sync_mortality_sepsis.py (exit=0) ---
[2026-02-20 10:00:02]   OK: 09_sync_mortality_sepsis.py completed successfully
[2026-02-20 10:00:02] Summary: 2 executed, 1 skipped, 4 total sources
[2026-02-20 10:00:02] Log saved to transform_log table.
